2025-01-06T23:21:52.828+05:30  INFO 40319 --- [LibraryManagementSystem] [restartedMain] a.l.LibraryManagementSystemApplication   : Starting LibraryManagementSystemApplication using Java 21.0.2 with PID 40319 (/Users/ashaw/Downloads/LibraryManagementSystem/target/classes started by ashaw in /Users/ashaw/Downloads/LibraryManagementSystem)
2025-01-06T23:21:52.836+05:30  INFO 40319 --- [LibraryManagementSystem] [restartedMain] a.l.LibraryManagementSystemApplication   : No active profile set, falling back to 1 default profile: "default"
2025-01-06T23:21:52.865+05:30  INFO 40319 --- [LibraryManagementSystem] [restartedMain] .e.DevToolsPropertyDefaultsPostProcessor : Devtools property defaults active! Set 'spring.devtools.add-properties' to 'false' to disable
2025-01-06T23:21:52.865+05:30  INFO 40319 --- [LibraryManagementSystem] [restartedMain] .e.DevToolsPropertyDefaultsPostProcessor : For additional web related logging consider setting the 'logging.level.web' property to 'DEBUG'
2025-01-06T23:21:53.208+05:30  INFO 40319 --- [LibraryManagementSystem] [restartedMain] .s.d.r.c.RepositoryConfigurationDelegate : Bootstrapping Spring Data JPA repositories in DEFAULT mode.
2025-01-06T23:21:53.242+05:30  INFO 40319 --- [LibraryManagementSystem] [restartedMain] .s.d.r.c.RepositoryConfigurationDelegate : Finished Spring Data repository scanning in 30 ms. Found 5 JPA repository interfaces.
2025-01-06T23:21:53.731+05:30  INFO 40319 --- [LibraryManagementSystem] [restartedMain] o.s.b.w.embedded.tomcat.TomcatWebServer  : Tomcat initialized with port 8888 (http)
2025-01-06T23:21:53.736+05:30  INFO 40319 --- [LibraryManagementSystem] [restartedMain] o.apache.catalina.core.StandardService   : Starting service [Tomcat]
2025-01-06T23:21:53.736+05:30  INFO 40319 --- [LibraryManagementSystem] [restartedMain] o.apache.catalina.core.StandardEngine    : Starting Servlet engine: [Apache Tomcat/10.1.20]
2025-01-06T23:21:53.756+05:30  INFO 40319 --- [LibraryManagementSystem] [restartedMain] o.a.c.c.C.[Tomcat].[localhost].[/]       : Initializing Spring embedded WebApplicationContext
2025-01-06T23:21:53.757+05:30  INFO 40319 --- [LibraryManagementSystem] [restartedMain] w.s.c.ServletWebServerApplicationContext : Root WebApplicationContext: initialization completed in 891 ms
2025-01-06T23:21:53.791+05:30  INFO 40319 --- [LibraryManagementSystem] [restartedMain] com.zaxxer.hikari.HikariDataSource       : library - Starting...
2025-01-06T23:21:53.879+05:30  INFO 40319 --- [LibraryManagementSystem] [restartedMain] com.zaxxer.hikari.pool.HikariPool        : library - Added connection conn0: url=jdbc:h2:mem:library user=SA
2025-01-06T23:21:53.880+05:30  INFO 40319 --- [LibraryManagementSystem] [restartedMain] com.zaxxer.hikari.HikariDataSource       : library - Start completed.
2025-01-06T23:21:53.886+05:30  INFO 40319 --- [LibraryManagementSystem] [restartedMain] o.s.b.a.h2.H2ConsoleAutoConfiguration    : H2 console available at '/h2-console'. Database available at 'jdbc:h2:mem:library'
2025-01-06T23:21:53.991+05:30  INFO 40319 --- [LibraryManagementSystem] [restartedMain] o.hibernate.jpa.internal.util.LogHelper  : HHH000204: Processing PersistenceUnitInfo [name: default]
2025-01-06T23:21:54.015+05:30  INFO 40319 --- [LibraryManagementSystem] [restartedMain] org.hibernate.Version                    : HHH000412: Hibernate ORM core version 6.4.4.Final
2025-01-06T23:21:54.028+05:30  INFO 40319 --- [LibraryManagementSystem] [restartedMain] o.h.c.internal.RegionFactoryInitiator    : HHH000026: Second-level cache disabled
2025-01-06T23:21:54.126+05:30  INFO 40319 --- [LibraryManagementSystem] [restartedMain] o.s.o.j.p.SpringPersistenceUnitInfo      : No LoadTimeWeaver setup: ignoring JPA class transformer
2025-01-06T23:21:54.245+05:30  INFO 40319 --- [LibraryManagementSystem] [restartedMain] o.hibernate.id.enhanced.TableGenerator   : HHH000398: Explicit segment value for id generator [id_gen_table.gen_name] suggested; using default [book]
2025-01-06T23:21:54.246+05:30  INFO 40319 --- [LibraryManagementSystem] [restartedMain] o.hibernate.id.enhanced.TableGenerator   : HHH000398: Explicit segment value for id generator [id_gen_table.gen_name] suggested; using default [notification]
2025-01-06T23:21:54.246+05:30  INFO 40319 --- [LibraryManagementSystem] [restartedMain] o.hibernate.id.enhanced.TableGenerator   : HHH000398: Explicit segment value for id generator [id_gen_table.gen_name] suggested; using default [account]
2025-01-06T23:21:54.247+05:30  INFO 40319 --- [LibraryManagementSystem] [restartedMain] o.hibernate.id.enhanced.TableGenerator   : HHH000398: Explicit segment value for id generator [id_gen_table.gen_name] suggested; using default [author]
2025-01-06T23:21:54.247+05:30  INFO 40319 --- [LibraryManagementSystem] [restartedMain] o.hibernate.id.enhanced.TableGenerator   : HHH000398: Explicit segment value for id generator [id_gen_table.gen_name] suggested; using default [book_reservation]
2025-01-06T23:21:54.605+05:30  INFO 40319 --- [LibraryManagementSystem] [restartedMain] o.h.e.t.j.p.i.JtaPlatformInitiator       : HHH000489: No JTA platform available (set 'hibernate.transaction.jta.platform' to enable JTA platform integration)
2025-01-06T23:21:54.634+05:30  INFO 40319 --- [LibraryManagementSystem] [restartedMain] j.LocalContainerEntityManagerFactoryBean : Initialized JPA EntityManagerFactory for persistence unit 'default'
2025-01-06T23:21:54.949+05:30  INFO 40319 --- [LibraryManagementSystem] [restartedMain] o.s.d.j.r.query.QueryEnhancerFactory     : Hibernate is in classpath; If applicable, HQL parser will be used.
2025-01-06T23:21:55.302+05:30  INFO 40319 --- [LibraryManagementSystem] [restartedMain] org.quartz.impl.StdSchedulerFactory      : Using default implementation for ThreadExecutor
2025-01-06T23:21:55.308+05:30  INFO 40319 --- [LibraryManagementSystem] [restartedMain] org.quartz.simpl.SimpleThreadPool        : Job execution threads will use class loader of thread: restartedMain
2025-01-06T23:21:55.312+05:30  INFO 40319 --- [LibraryManagementSystem] [restartedMain] org.quartz.core.SchedulerSignalerImpl    : Initialized Scheduler Signaller of type: class org.quartz.core.SchedulerSignalerImpl
2025-01-06T23:21:55.312+05:30  INFO 40319 --- [LibraryManagementSystem] [restartedMain] org.quartz.core.QuartzScheduler          : Quartz Scheduler v.2.3.2 created.
2025-01-06T23:21:55.313+05:30  INFO 40319 --- [LibraryManagementSystem] [restartedMain] o.s.s.quartz.LocalDataSourceJobStore     : Using db table-based data access locking (synchronization).
2025-01-06T23:21:55.313+05:30  INFO 40319 --- [LibraryManagementSystem] [restartedMain] o.s.s.quartz.LocalDataSourceJobStore     : JobStoreCMT initialized.
2025-01-06T23:21:55.314+05:30  INFO 40319 --- [LibraryManagementSystem] [restartedMain] org.quartz.core.QuartzScheduler          : Scheduler meta-data: Quartz Scheduler (v2.3.2) 'quartzScheduler' with instanceId 'C140981736185915307'
  Scheduler class: 'org.quartz.core.QuartzScheduler' - running locally.
  NOT STARTED.
  Currently in standby mode.
  Number of jobs executed: 0
  Using thread pool 'org.quartz.simpl.SimpleThreadPool' - with 5 threads.
  Using job-store 'org.springframework.scheduling.quartz.LocalDataSourceJobStore' - which supports persistence. and is clustered.

2025-01-06T23:21:55.314+05:30  INFO 40319 --- [LibraryManagementSystem] [restartedMain] org.quartz.impl.StdSchedulerFactory      : Quartz scheduler 'quartzScheduler' initialized from an externally provided properties instance.
2025-01-06T23:21:55.314+05:30  INFO 40319 --- [LibraryManagementSystem] [restartedMain] org.quartz.impl.StdSchedulerFactory      : Quartz scheduler version: 2.3.2
2025-01-06T23:21:55.314+05:30  INFO 40319 --- [LibraryManagementSystem] [restartedMain] org.quartz.core.QuartzScheduler          : JobFactory set to: org.springframework.scheduling.quartz.SpringBeanJobFactory@70134203
2025-01-06T23:21:55.356+05:30  INFO 40319 --- [LibraryManagementSystem] [restartedMain] org.quartz.core.QuartzScheduler          : Scheduler quartzScheduler_$_C140981736185915307 started.
2025-01-06T23:21:55.387+05:30  WARN 40319 --- [LibraryManagementSystem] [restartedMain] JpaBaseConfiguration$JpaWebConfiguration : spring.jpa.open-in-view is enabled by default. Therefore, database queries may be performed during view rendering. Explicitly configure spring.jpa.open-in-view to disable this warning
2025-01-06T23:21:55.730+05:30  INFO 40319 --- [LibraryManagementSystem] [restartedMain] o.s.s.web.DefaultSecurityFilterChain     : Will secure any request with [org.springframework.security.web.session.DisableEncodeUrlFilter@7d72a2e2, org.springframework.security.web.context.request.async.WebAsyncManagerIntegrationFilter@3f6e005c, org.springframework.security.web.context.SecurityContextHolderFilter@25db4da4, org.springframework.security.web.header.HeaderWriterFilter@39072594, org.springframework.web.filter.CorsFilter@9e91f32, org.springframework.security.web.authentication.logout.LogoutFilter@fc0d2ce, org.springframework.security.web.authentication.UsernamePasswordAuthenticationFilter@537fe7df, org.springframework.security.web.savedrequest.RequestCacheAwareFilter@98975bd, org.springframework.security.web.servletapi.SecurityContextHolderAwareRequestFilter@66965709, org.springframework.security.web.authentication.AnonymousAuthenticationFilter@79e2704f, org.springframework.security.web.access.ExceptionTranslationFilter@1acecd4f, org.springframework.security.web.access.intercept.AuthorizationFilter@32d54607]
2025-01-06T23:21:55.988+05:30  INFO 40319 --- [LibraryManagementSystem] [restartedMain] o.s.b.d.a.OptionalLiveReloadServer       : LiveReload server is running on port 35729
2025-01-06T23:21:56.009+05:30  INFO 40319 --- [LibraryManagementSystem] [restartedMain] o.s.b.w.embedded.tomcat.TomcatWebServer  : Tomcat started on port 8888 (http) with context path ''
2025-01-06T23:21:56.015+05:30  INFO 40319 --- [LibraryManagementSystem] [restartedMain] a.l.LibraryManagementSystemApplication   : Started LibraryManagementSystemApplication in 3.388 seconds (process running for 3.639)
2025-01-06T23:22:55.128+05:30  INFO 40319 --- [LibraryManagementSystem] [http-nio-8888-exec-1] o.a.c.c.C.[Tomcat].[localhost].[/]       : Initializing Spring DispatcherServlet 'dispatcherServlet'
2025-01-06T23:22:55.128+05:30  INFO 40319 --- [LibraryManagementSystem] [http-nio-8888-exec-1] o.s.web.servlet.DispatcherServlet        : Initializing Servlet 'dispatcherServlet'
2025-01-06T23:22:55.129+05:30  INFO 40319 --- [LibraryManagementSystem] [http-nio-8888-exec-1] o.s.web.servlet.DispatcherServlet        : Completed initialization in 1 ms
2025-01-06T23:24:16.611+05:30  INFO 40319 --- [LibraryManagementSystem] [http-nio-8888-exec-5] a.l.config.SecurityConfig                : EMAIL: aayushshaw18@gmail.com
2025-01-06T23:24:16.662+05:30  INFO 40319 --- [LibraryManagementSystem] [http-nio-8888-exec-5] a.l.config.SecurityConfig                : ACCOUNT: aayushshaw18@gmail.com
2025-01-06T23:25:25.107+05:30  INFO 40319 --- [LibraryManagementSystem] [http-nio-8888-exec-3] a.l.config.SecurityConfig                : EMAIL: aayushshaw18@gmail.com
2025-01-06T23:25:25.108+05:30  INFO 40319 --- [LibraryManagementSystem] [http-nio-8888-exec-3] a.l.config.SecurityConfig                : ACCOUNT: aayushshaw18@gmail.com
2025-01-06T23:25:45.282+05:30  INFO 40319 --- [LibraryManagementSystem] [http-nio-8888-exec-9] a.l.config.SecurityConfig                : EMAIL: aayushshaw18@gmail.com
2025-01-06T23:25:45.284+05:30  INFO 40319 --- [LibraryManagementSystem] [http-nio-8888-exec-9] a.l.config.SecurityConfig                : ACCOUNT: aayushshaw18@gmail.com
